Using pre-set license
Built from '2020.3/staging' branch; Version is '2020.3.19f1 (68f137dc9bbe) revision 6877495'; Using compiler version '192528614'; Build Type 'Release'
OS: 'Windows 10 Home; OS build 19043.1348; Version 2009; 64bit' Language: 'pl' Physical Memory: 16226 MB
BatchMode: 1, IsHumanControllingUs: 0, StartBugReporterOnCrash: 0, Is64bit: 1, IsPro: 0

COMMAND LINE ARGUMENTS:
C:\Program Files\Unity\Hub\Editor\2020.3.19f1\Editor\Unity.exe
-adb2
-batchMode
-noUpm
-name
AssetImportWorker0
-projectPath
C:/Users/ryczu/Documents/Git/pgu/PGU/PGU
-logFile
Logs/AssetImportWorker0.log
-srvPort
57279
Successfully changed project path to: C:/Users/ryczu/Documents/Git/pgu/PGU/PGU
C:/Users/ryczu/Documents/Git/pgu/PGU/PGU
Using Asset Import Pipeline V2.
Refreshing native plugins compatible for Editor in 29.89 ms, found 2 plugins.
Preloading 0 native plugins for Editor in 0.00 ms.
Initialize engine version: 2020.3.19f1 (68f137dc9bbe)
[Subsystems] Discovering subsystems at path C:/Program Files/Unity/Hub/Editor/2020.3.19f1/Editor/Data/Resources/UnitySubsystems
[Subsystems] Discovering subsystems at path C:/Users/ryczu/Documents/Git/pgu/PGU/PGU/Assets
GfxDevice: creating device client; threaded=0
Direct3D:
    Version:  Direct3D 11.0 [level 11.1]
    Renderer: NVIDIA GeForce GTX 1060 (ID=0x1c20)
    Vendor:   
    VRAM:     6052 MB
    Driver:   30.0.14.9649
Initialize mono
Mono path[0] = 'C:/Program Files/Unity/Hub/Editor/2020.3.19f1/Editor/Data/Managed'
Mono path[1] = 'C:/Program Files/Unity/Hub/Editor/2020.3.19f1/Editor/Data/MonoBleedingEdge/lib/mono/unityjit'
Mono config path = 'C:/Program Files/Unity/Hub/Editor/2020.3.19f1/Editor/Data/MonoBleedingEdge/etc'
Using monoOptions --debugger-agent=transport=dt_socket,embedding=1,server=y,suspend=n,address=127.0.0.1:56288
Begin MonoManager ReloadAssembly
Registering precompiled unity dll's ...
Register platform support module: C:/Program Files/Unity/Hub/Editor/2020.3.19f1/Editor/Data/PlaybackEngines/WindowsStandaloneSupport/UnityEditor.WindowsStandalone.Extensions.dll
Registered in 0.002209 seconds.
Native extension for WindowsStandalone target not found
Refreshing native plugins compatible for Editor in 27.50 ms, found 2 plugins.
Preloading 0 native plugins for Editor in 0.00 ms.
Mono: successfully reloaded assembly
- Completed reload, in  1.077 seconds
Domain Reload Profiling:
	ReloadAssembly (1078ms)
		BeginReloadAssembly (53ms)
			ExecutionOrderSort (0ms)
			DisableScriptedObjects (0ms)
			BackupInstance (0ms)
			ReleaseScriptingObjects (0ms)
			CreateAndSetChildDomain (1ms)
		EndReloadAssembly (365ms)
			LoadAssemblies (51ms)
			RebuildTransferFunctionScriptingTraits (0ms)
			SetupTypeCache (139ms)
			ReleaseScriptCaches (0ms)
			RebuildScriptCaches (29ms)
			SetupLoadedEditorAssemblies (140ms)
				LogAssemblyErrors (0ms)
				InitializePlatformSupportModulesInManaged (4ms)
				SetLoadedEditorAssemblies (0ms)
				RefreshPlugins (28ms)
				BeforeProcessingInitializeOnLoad (8ms)
				ProcessInitializeOnLoadAttributes (74ms)
				ProcessInitializeOnLoadMethodAttributes (26ms)
				AfterProcessingInitializeOnLoad (0ms)
				EditorAssembliesLoaded (0ms)
			ExecutionOrderSort2 (0ms)
			AwakeInstancesAfterBackupRestoration (0ms)
Platform modules already initialized, skipping
Registering precompiled user dll's ...
Registered in 0.003212 seconds.
Begin MonoManager ReloadAssembly
Symbol file data-000001FC776B0020 doesn't match image C:\Users\ryczu\Documents\Git\pgu\PGU\PGU\Library\ScriptAssemblies\Assembly-CSharp.dll
Symbol file LoadedFromMemory is not a mono symbol file
Symbol file data-000001FC77C51FA0 doesn't match image C:\Users\ryczu\Documents\Git\pgu\PGU\PGU\Library\ScriptAssemblies\Assembly-CSharp-Editor.dll
Symbol file LoadedFromMemory is not a mono symbol file
Symbol file data-000001FC7D07C030 doesn't match image C:\Users\ryczu\Documents\Git\pgu\PGU\PGU\Library\ScriptAssemblies\Unity.VSCode.Editor.dll
Symbol file LoadedFromMemory is not a mono symbol file
Symbol file data-000001FC7C5F9010 doesn't match image C:\Users\ryczu\Documents\Git\pgu\PGU\PGU\Library\ScriptAssemblies\Unity.TextMeshPro.Editor.dll
Symbol file LoadedFromMemory is not a mono symbol file
Symbol file data-000001FC7D295090 doesn't match image C:\Users\ryczu\Documents\Git\pgu\PGU\PGU\Library\ScriptAssemblies\Unity.VisualStudio.Editor.dll
Symbol file LoadedFromMemory is not a mono symbol file
Symbol file data-000001FC77892250 doesn't match image C:\Users\ryczu\Documents\Git\pgu\PGU\PGU\Library\ScriptAssemblies\UnityEngine.TestRunner.dll
Symbol file LoadedFromMemory is not a mono symbol file
Symbol file data-000001FC7C758030 doesn't match image C:\Users\ryczu\Documents\Git\pgu\PGU\PGU\Library\ScriptAssemblies\Unity.Timeline.Editor.dll
Symbol file LoadedFromMemory is not a mono symbol file
Symbol file data-000001FC7735A010 doesn't match image C:\Users\ryczu\Documents\Git\pgu\PGU\PGU\Library\ScriptAssemblies\Unity.Timeline.dll
Symbol file LoadedFromMemory is not a mono symbol file
Symbol file data-000001FC7C06E020 doesn't match image C:\Users\ryczu\Documents\Git\pgu\PGU\PGU\Library\ScriptAssemblies\Unity.TextMeshPro.dll
Symbol file LoadedFromMemory is not a mono symbol file
Symbol file data-000001FC77892250 doesn't match image C:\Users\ryczu\Documents\Git\pgu\PGU\PGU\Library\ScriptAssemblies\Unity.CollabProxy.Editor.dll
Symbol file LoadedFromMemory is not a mono symbol file
Symbol file data-000001FC7BBCF230 doesn't match image C:\Users\ryczu\Documents\Git\pgu\PGU\PGU\Library\ScriptAssemblies\UnityEditor.TestRunner.dll
Symbol file LoadedFromMemory is not a mono symbol file
Symbol file data-000001FC7D295090 doesn't match image C:\Users\ryczu\Documents\Git\pgu\PGU\PGU\Library\ScriptAssemblies\UnityEditor.UI.dll
Symbol file LoadedFromMemory is not a mono symbol file
Symbol file data-000001FC7C291010 doesn't match image C:\Users\ryczu\Documents\Git\pgu\PGU\PGU\Library\ScriptAssemblies\Unity.PlasticSCM.Editor.dll
Symbol file LoadedFromMemory is not a mono symbol file
Symbol file data-000001FC7C8D6C20 doesn't match image C:\Users\ryczu\Documents\Git\pgu\PGU\PGU\Library\ScriptAssemblies\Unity.Rider.Editor.dll
Symbol file LoadedFromMemory is not a mono symbol file
Symbol file data-000001FC7BB203C0 doesn't match image C:\Users\ryczu\Documents\Git\pgu\PGU\PGU\Library\ScriptAssemblies\UnityEngine.UI.dll
Symbol file LoadedFromMemory is not a mono symbol file
Native extension for WindowsStandalone target not found
Refreshing native plugins compatible for Editor in 0.29 ms, found 2 plugins.
Preloading 0 native plugins for Editor in 0.00 ms.
Mono: successfully reloaded assembly
- Completed reload, in  0.898 seconds
Domain Reload Profiling:
	ReloadAssembly (899ms)
		BeginReloadAssembly (133ms)
			ExecutionOrderSort (0ms)
			DisableScriptedObjects (4ms)
			BackupInstance (0ms)
			ReleaseScriptingObjects (0ms)
			CreateAndSetChildDomain (16ms)
		EndReloadAssembly (708ms)
			LoadAssemblies (82ms)
			RebuildTransferFunctionScriptingTraits (0ms)
			SetupTypeCache (244ms)
			ReleaseScriptCaches (0ms)
			RebuildScriptCaches (39ms)
			SetupLoadedEditorAssemblies (259ms)
				LogAssemblyErrors (0ms)
				InitializePlatformSupportModulesInManaged (5ms)
				SetLoadedEditorAssemblies (0ms)
				RefreshPlugins (0ms)
				BeforeProcessingInitializeOnLoad (50ms)
				ProcessInitializeOnLoadAttributes (192ms)
				ProcessInitializeOnLoadMethodAttributes (4ms)
				AfterProcessingInitializeOnLoad (7ms)
				EditorAssembliesLoaded (0ms)
			ExecutionOrderSort2 (0ms)
			AwakeInstancesAfterBackupRestoration (6ms)
Platform modules already initialized, skipping
========================================================================
Worker process is ready to serve import requests
Launched and connected shader compiler UnityShaderCompiler.exe after 0.09 seconds
Refreshing native plugins compatible for Editor in 0.28 ms, found 2 plugins.
Preloading 0 native plugins for Editor in 0.00 ms.
Unloading 1425 Unused Serialized files (Serialized files now loaded: 0)
System memory in use before: 82.8 MB.
System memory in use after: 82.8 MB.

Unloading 16 unused Assets to reduce memory usage. Loaded Objects now: 1884.
Total: 2.547200 ms (FindLiveObjects: 0.145000 ms CreateObjectMapping: 0.040400 ms MarkObjects: 2.279100 ms  DeleteObjects: 0.081900 ms)

AssetImportParameters requested are different than current active one (requested -> active):
  custom:framework-win-MediaFoundation: 216162199b28c13a410421893ffa2e32 -> 
  custom:video-decoder-ogg-theora: a1e56fd34408186e4bbccfd4996cb3dc -> 
  custom:container-muxer-webm: aa71ff27fc2769a1b78a27578f13a17b -> 
  custom:container-demuxer-webm: 4f35f7cbe854078d1ac9338744f61a02 -> 
  custom:container-demuxer-ogg: 62fdf1f143b41e24485cea50d1cbac27 -> 
  custom:video-encoder-webm-vp8: eb34c28f22e8b96e1ab97ce403110664 -> 
  custom:video-decoder-webm-vp8: 9c59270c3fd7afecdb556c50c9e8de78 -> 
  custom:audio-decoder-ogg-vorbis: bf7c407c2cedff20999df2af8eb42d56 -> 
  custom:audio-encoder-webm-vorbis: bf7c407c2cedff20999df2af8eb42d56 -> 
========================================================================
Received Import Request.
  path: Assets/Shaders
  artifactKey: Guid(66ab37e9e22ad6d4f8f1de2daae6abb6) Importer(815301076,1909f56bfc062723c751e8b465ee728b)
Start importing Assets/Shaders using Guid(66ab37e9e22ad6d4f8f1de2daae6abb6) Importer(815301076,1909f56bfc062723c751e8b465ee728b)  -> (artifact id: 'ccc19c164105a827cc54c3e4bd0b4bfc') in 0.006779 seconds 
  Import took 0.008672 seconds .

========================================================================
Received Import Request.
  Time since last request: 1.533710 seconds.
  path: Assets/Shaders/EvilDwarf.shader
  artifactKey: Guid(e96343660d979b5458bec712bd9e4e52) Importer(815301076,1909f56bfc062723c751e8b465ee728b)
Start importing Assets/Shaders/EvilDwarf.shader using Guid(e96343660d979b5458bec712bd9e4e52) Importer(815301076,1909f56bfc062723c751e8b465ee728b)  -> (artifact id: '0c4e27f281750f62eedd023abcc0f32f') in 0.025559 seconds 
  Import took 0.027751 seconds .

========================================================================
Received Import Request.
  Time since last request: 40.013545 seconds.
  path: Assets/FreeCharacter/Materials/NPC_man_02.mat
  artifactKey: Guid(37f0a3ade68ce29489320a7fa88ea0eb) Importer(815301076,1909f56bfc062723c751e8b465ee728b)
Start importing Assets/FreeCharacter/Materials/NPC_man_02.mat using Guid(37f0a3ade68ce29489320a7fa88ea0eb) Importer(815301076,1909f56bfc062723c751e8b465ee728b)  -> (artifact id: 'db9cbd9c4ff9a215d9d67b47f0f2383e') in 0.132276 seconds 
  Import took 0.134670 seconds .

========================================================================
Received Import Request.
  Time since last request: 0.000293 seconds.
  path: Assets/FreeCharacter/Materials/NPC_man_with_shader.mat
  artifactKey: Guid(4ba840b88a4262b4a910ffde9f69fefb) Importer(815301076,1909f56bfc062723c751e8b465ee728b)
Start importing Assets/FreeCharacter/Materials/NPC_man_with_shader.mat using Guid(4ba840b88a4262b4a910ffde9f69fefb) Importer(815301076,1909f56bfc062723c751e8b465ee728b)  -> (artifact id: '495f73b4c6c8f7138f8202380909a5b8') in 0.017327 seconds 
  Import took 0.019643 seconds .

========================================================================
Received Import Request.
  Time since last request: 62.355931 seconds.
  path: Assets/Fake Interiors FREE/Examples/Materials/Parallax_Building_Sides.mat
  artifactKey: Guid(785862b4f3f8b964597b246936f5dbe7) Importer(815301076,1909f56bfc062723c751e8b465ee728b)
Start importing Assets/Fake Interiors FREE/Examples/Materials/Parallax_Building_Sides.mat using Guid(785862b4f3f8b964597b246936f5dbe7) Importer(815301076,1909f56bfc062723c751e8b465ee728b)  -> (artifact id: 'f78dbedbbe78ee88e1e69c7d865141f6') in 0.038549 seconds 
  Import took 0.041421 seconds .

========================================================================
Received Import Request.
  Time since last request: 37.965504 seconds.
  path: Assets/Fake Interiors FREE/Examples/Textures/SimpleBuilding/Concrete_1_A.png
  artifactKey: Guid(01cdfd5dfd111764fa54a2adf0413369) Importer(815301076,1909f56bfc062723c751e8b465ee728b)
Start importing Assets/Fake Interiors FREE/Examples/Textures/SimpleBuilding/Concrete_1_A.png using Guid(01cdfd5dfd111764fa54a2adf0413369) Importer(815301076,1909f56bfc062723c751e8b465ee728b)  -> (artifact id: '5a26a1c48fae14bb5f37751ada9b0d81') in 0.030180 seconds 
  Import took 0.033073 seconds .

========================================================================
Received Import Request.
  Time since last request: 0.000351 seconds.
  path: Assets/Meshes/Decorative plants/Materials/Cover Mat.mat
  artifactKey: Guid(9a664fcb681f24346a660d6e3459e43b) Importer(815301076,1909f56bfc062723c751e8b465ee728b)
Start importing Assets/Meshes/Decorative plants/Materials/Cover Mat.mat using Guid(9a664fcb681f24346a660d6e3459e43b) Importer(815301076,1909f56bfc062723c751e8b465ee728b)  -> (artifact id: '13ebb36eb949e8ba2bea7538f43673e9') in 0.015426 seconds 
  Import took 0.018226 seconds .

========================================================================
Received Import Request.
  Time since last request: 0.000339 seconds.
  path: Assets/Fake Interiors FREE/Examples/Textures/SimpleBuilding/Concrete_2_A.png
  artifactKey: Guid(5389ab84e21a68f4c9483d7598dca9a1) Importer(815301076,1909f56bfc062723c751e8b465ee728b)
Start importing Assets/Fake Interiors FREE/Examples/Textures/SimpleBuilding/Concrete_2_A.png using Guid(5389ab84e21a68f4c9483d7598dca9a1) Importer(815301076,1909f56bfc062723c751e8b465ee728b)  -> (artifact id: 'ba72059158028ff1d778d87b5f3c5868') in 0.012577 seconds 
  Import took 0.015086 seconds .

========================================================================
Received Import Request.
  Time since last request: 0.000367 seconds.
  path: Assets/Fake Interiors FREE/Examples/Textures/SimpleBuilding/Concrete_1_N.png
  artifactKey: Guid(6d24dc9887b372b409d4f5ac2460c1bc) Importer(815301076,1909f56bfc062723c751e8b465ee728b)
Start importing Assets/Fake Interiors FREE/Examples/Textures/SimpleBuilding/Concrete_1_N.png using Guid(6d24dc9887b372b409d4f5ac2460c1bc) Importer(815301076,1909f56bfc062723c751e8b465ee728b)  -> (artifact id: '9f1b5bcec425a788f2cf53a44c0cea69') in 0.016160 seconds 
  Import took 0.018379 seconds .

========================================================================
Received Import Request.
  Time since last request: 0.000310 seconds.
  path: Assets/Fake Interiors FREE/Examples/Textures/SimpleBuilding/Concrete_2_N.png
  artifactKey: Guid(72deb9d610d7bcb4fae634da13e9c0f1) Importer(815301076,1909f56bfc062723c751e8b465ee728b)
Start importing Assets/Fake Interiors FREE/Examples/Textures/SimpleBuilding/Concrete_2_N.png using Guid(72deb9d610d7bcb4fae634da13e9c0f1) Importer(815301076,1909f56bfc062723c751e8b465ee728b)  -> (artifact id: '0f1e09fa4e5c49c2f8f2807b20c18303') in 0.010739 seconds 
  Import took 0.012948 seconds .

========================================================================
Received Import Request.
  Time since last request: 0.000315 seconds.
  path: Assets/Fake Interiors FREE/Examples/Textures/SimpleBuilding/Concrete_2.png
  artifactKey: Guid(6db7e01c005126b4f8508b8c98116950) Importer(815301076,1909f56bfc062723c751e8b465ee728b)
Start importing Assets/Fake Interiors FREE/Examples/Textures/SimpleBuilding/Concrete_2.png using Guid(6db7e01c005126b4f8508b8c98116950) Importer(815301076,1909f56bfc062723c751e8b465ee728b)  -> (artifact id: 'cca06d517f7e1cbbb2233aff84e1f50c') in 0.010520 seconds 
  Import took 0.012850 seconds .

========================================================================
Received Import Request.
  Time since last request: 0.000264 seconds.
  path: Assets/Meshes/Decorative plants/Cylinder pot bamboo plant prefab.prefab
  artifactKey: Guid(01e90580502427a4896001de24e694f0) Importer(815301076,1909f56bfc062723c751e8b465ee728b)
Start importing Assets/Meshes/Decorative plants/Cylinder pot bamboo plant prefab.prefab using Guid(01e90580502427a4896001de24e694f0) Importer(815301076,1909f56bfc062723c751e8b465ee728b)  -> (artifact id: '401defa9170d36a22cfa3c82babc1c73') in 0.036932 seconds 
  Import took 0.039166 seconds .

========================================================================
Received Import Request.
  Time since last request: 0.000320 seconds.
  path: Assets/Meshes/Decorative plants/Materials/Cover Mat 2.mat
  artifactKey: Guid(450304f5d0a8f48a8b05015090aa1eb9) Importer(815301076,1909f56bfc062723c751e8b465ee728b)
Start importing Assets/Meshes/Decorative plants/Materials/Cover Mat 2.mat using Guid(450304f5d0a8f48a8b05015090aa1eb9) Importer(815301076,1909f56bfc062723c751e8b465ee728b)  -> (artifact id: 'e10a2381380c36a5c3a3f18b9f02ffb4') in 0.011874 seconds 
  Import took 0.014083 seconds .

========================================================================
Received Import Request.
  Time since last request: 0.000304 seconds.
  path: Assets/Fake Interiors FREE/Examples/Textures/SimpleBuilding/Concrete_1_R.png
  artifactKey: Guid(2fbac78fb8e278f449ff1ea908df8243) Importer(815301076,1909f56bfc062723c751e8b465ee728b)
Start importing Assets/Fake Interiors FREE/Examples/Textures/SimpleBuilding/Concrete_1_R.png using Guid(2fbac78fb8e278f449ff1ea908df8243) Importer(815301076,1909f56bfc062723c751e8b465ee728b)  -> (artifact id: '8187f0234184899bf30a2fcafd4578a9') in 0.011250 seconds 
  Import took 0.013550 seconds .

========================================================================
Received Import Request.
  Time since last request: 0.868371 seconds.
  path: Assets/Mini Legion Footman PBR HP Polyart/Textures/PBR/MatallicSmoothness.png
  artifactKey: Guid(1c637c601e3ce6044aea964fdf25f33d) Importer(815301076,1909f56bfc062723c751e8b465ee728b)
Start importing Assets/Mini Legion Footman PBR HP Polyart/Textures/PBR/MatallicSmoothness.png using Guid(1c637c601e3ce6044aea964fdf25f33d) Importer(815301076,1909f56bfc062723c751e8b465ee728b)  -> (artifact id: '36cef75b22f7788ec56eb1724a7fbbd8') in 0.013556 seconds 
  Import took 0.016114 seconds .

========================================================================
Received Import Request.
  Time since last request: 0.000369 seconds.
  path: Assets/Toon_RTS_demo/models/ToonRTS_demo_Knight.FBX
  artifactKey: Guid(ba24e610e0a338545b447ff44a3cf1cc) Importer(815301076,1909f56bfc062723c751e8b465ee728b)
Start importing Assets/Toon_RTS_demo/models/ToonRTS_demo_Knight.FBX using Guid(ba24e610e0a338545b447ff44a3cf1cc) Importer(815301076,1909f56bfc062723c751e8b465ee728b)  -> (artifact id: '08e91719d595214b8a3c35e436c45bbd') in 0.089986 seconds 
  Import took 0.092544 seconds .

========================================================================
Received Import Request.
  Time since last request: 0.000309 seconds.
  path: Assets/MASH Virtual/Assets/Mesh/Table.fbx
  artifactKey: Guid(08d5439121a07f544bdaaa816bb04c47) Importer(815301076,1909f56bfc062723c751e8b465ee728b)
Start importing Assets/MASH Virtual/Assets/Mesh/Table.fbx using Guid(08d5439121a07f544bdaaa816bb04c47) Importer(815301076,1909f56bfc062723c751e8b465ee728b)  -> (artifact id: 'e0b835aff90f473ef330831bc541dcc3') in 0.039110 seconds 
  Import took 0.041448 seconds .

========================================================================
Received Import Request.
  Time since last request: 47.298241 seconds.
  path: Assets/Materials/Grass.mat
  artifactKey: Guid(812b8afd428425448a778f0f6dc28fee) Importer(815301076,1909f56bfc062723c751e8b465ee728b)
Start importing Assets/Materials/Grass.mat using Guid(812b8afd428425448a778f0f6dc28fee) Importer(815301076,1909f56bfc062723c751e8b465ee728b)  -> (artifact id: '663e757e7b8785121b18446fc74852c1') in 0.012411 seconds 
  Import took 0.014767 seconds .

========================================================================
Received Import Request.
  Time since last request: 15.666369 seconds.
  path: Assets/Meshes/Decorative plants/Materials/Palm Mat 2.mat
  artifactKey: Guid(ee858bc9e77ff40e58e2958c98e2181b) Importer(815301076,1909f56bfc062723c751e8b465ee728b)
Start importing Assets/Meshes/Decorative plants/Materials/Palm Mat 2.mat using Guid(ee858bc9e77ff40e58e2958c98e2181b) Importer(815301076,1909f56bfc062723c751e8b465ee728b)  -> (artifact id: 'de438e9a3fce9d584d50ce70d6a491cb') in 0.016727 seconds 
  Import took 0.019252 seconds .

========================================================================
Received Import Request.
  Time since last request: 0.000273 seconds.
  path: Assets/Meshes/Decorative plants/Materials/Spikes Mat.mat
  artifactKey: Guid(5179cf7d07c392e43bc3a6dd4b868960) Importer(815301076,1909f56bfc062723c751e8b465ee728b)
Start importing Assets/Meshes/Decorative plants/Materials/Spikes Mat.mat using Guid(5179cf7d07c392e43bc3a6dd4b868960) Importer(815301076,1909f56bfc062723c751e8b465ee728b)  -> (artifact id: '360678fd7a2d795e331b5f6887b13cef') in 0.029027 seconds 
  Import took 0.031948 seconds .

========================================================================
Received Import Request.
  Time since last request: 0.000311 seconds.
  path: Assets/Meshes/Decorative plants/Materials/Pot Mat 2.mat
  artifactKey: Guid(dbd9d3894bddc4e5e976e5714f654374) Importer(815301076,1909f56bfc062723c751e8b465ee728b)
Start importing Assets/Meshes/Decorative plants/Materials/Pot Mat 2.mat using Guid(dbd9d3894bddc4e5e976e5714f654374) Importer(815301076,1909f56bfc062723c751e8b465ee728b)  -> (artifact id: 'fb901962ecfef4898af56d5e42773729') in 0.033539 seconds 
  Import took 0.035942 seconds .

========================================================================
Received Import Request.
  Time since last request: 0.000263 seconds.
  path: Assets/Meshes/Decorative plants/Materials/Pine Mat 2.mat
  artifactKey: Guid(c202bf01f9cf3406c8a774b0ca0d6a57) Importer(815301076,1909f56bfc062723c751e8b465ee728b)
Start importing Assets/Meshes/Decorative plants/Materials/Pine Mat 2.mat using Guid(c202bf01f9cf3406c8a774b0ca0d6a57) Importer(815301076,1909f56bfc062723c751e8b465ee728b)  -> (artifact id: 'eb17beda2b98966d80f0680189101b58') in 0.027948 seconds 
  Import took 0.030340 seconds .

========================================================================
Received Import Request.
  Time since last request: 0.000304 seconds.
  path: Assets/Meshes/Decorative plants/Materials/Pot Mat.mat
  artifactKey: Guid(78b806c0e0ac4b64f9c99cd378e8ba61) Importer(815301076,1909f56bfc062723c751e8b465ee728b)
Start importing Assets/Meshes/Decorative plants/Materials/Pot Mat.mat using Guid(78b806c0e0ac4b64f9c99cd378e8ba61) Importer(815301076,1909f56bfc062723c751e8b465ee728b)  -> (artifact id: '86ddb8d83402162cd47c6a6f4aea8b41') in 0.027078 seconds 
  Import took 0.029264 seconds .

========================================================================
Received Import Request.
  Time since last request: 0.000269 seconds.
  path: Assets/Meshes/Decorative plants/Materials/Spikes Mat 2.mat
  artifactKey: Guid(a3e4b85ab1d524d6f923e526096bfa4e) Importer(815301076,1909f56bfc062723c751e8b465ee728b)
Start importing Assets/Meshes/Decorative plants/Materials/Spikes Mat 2.mat using Guid(a3e4b85ab1d524d6f923e526096bfa4e) Importer(815301076,1909f56bfc062723c751e8b465ee728b)  -> (artifact id: 'eb305a5e1343e762dfabcda93ce60f18') in 0.014230 seconds 
  Import took 0.016603 seconds .

========================================================================
Received Import Request.
  Time since last request: 0.000427 seconds.
  path: Assets/Meshes/Decorative plants/Materials/Pine Mat.mat
  artifactKey: Guid(dd7c99cf7d10f7b4da3b43e49bb683bd) Importer(815301076,1909f56bfc062723c751e8b465ee728b)
Start importing Assets/Meshes/Decorative plants/Materials/Pine Mat.mat using Guid(dd7c99cf7d10f7b4da3b43e49bb683bd) Importer(815301076,1909f56bfc062723c751e8b465ee728b)  -> (artifact id: '88d6b30c52f0581c57beae3e491d4f56') in 0.015737 seconds 
  Import took 0.018380 seconds .

========================================================================
Received Import Request.
  Time since last request: 0.000305 seconds.
  path: Assets/Meshes/Decorative plants/Materials/Palm Mat.mat
  artifactKey: Guid(8dde6263d34a3e34aa4f46d6e71b9d21) Importer(815301076,1909f56bfc062723c751e8b465ee728b)
Start importing Assets/Meshes/Decorative plants/Materials/Palm Mat.mat using Guid(8dde6263d34a3e34aa4f46d6e71b9d21) Importer(815301076,1909f56bfc062723c751e8b465ee728b)  -> (artifact id: '1e071ca1ec1780c3bac7970bcefc78cb') in 0.031989 seconds 
  Import took 0.034291 seconds .

========================================================================
Received Import Request.
  Time since last request: 2.376814 seconds.
  path: Assets/Meshes/Decorative plants/Textures/Cover diffuse.tga
  artifactKey: Guid(cee06a39d33cb084ebf1394da488d4db) Importer(815301076,1909f56bfc062723c751e8b465ee728b)
Start importing Assets/Meshes/Decorative plants/Textures/Cover diffuse.tga using Guid(cee06a39d33cb084ebf1394da488d4db) Importer(815301076,1909f56bfc062723c751e8b465ee728b)  -> (artifact id: '6b41a33233292ee029b46d8698926d60') in 0.016832 seconds 
  Import took 0.019707 seconds .

========================================================================
Received Import Request.
  Time since last request: 0.000252 seconds.
  path: Assets/Meshes/Decorative plants/Textures/Pine normal.tga
  artifactKey: Guid(f102706b6be506549b530e7a9cafe1c1) Importer(815301076,1909f56bfc062723c751e8b465ee728b)
Start importing Assets/Meshes/Decorative plants/Textures/Pine normal.tga using Guid(f102706b6be506549b530e7a9cafe1c1) Importer(815301076,1909f56bfc062723c751e8b465ee728b)  -> (artifact id: '1327d4e21126c2da151e55b53142688e') in 0.012477 seconds 
  Import took 0.015047 seconds .

========================================================================
Received Import Request.
  Time since last request: 0.000320 seconds.
  path: Assets/Meshes/Decorative plants/Textures/Palm diffuse.tga
  artifactKey: Guid(b04788af13e75414d8eafa2cc9e52da4) Importer(815301076,1909f56bfc062723c751e8b465ee728b)
Start importing Assets/Meshes/Decorative plants/Textures/Palm diffuse.tga using Guid(b04788af13e75414d8eafa2cc9e52da4) Importer(815301076,1909f56bfc062723c751e8b465ee728b)  -> (artifact id: '385c33fef788640c7fd1e2484f6a2c57') in 0.012821 seconds 
  Import took 0.015799 seconds .

========================================================================
Received Import Request.
  Time since last request: 0.000456 seconds.
  path: Assets/Meshes/Decorative plants/Textures/Cover normal.tga
  artifactKey: Guid(18bcd9b4d41228747bd2520742ca5a78) Importer(815301076,1909f56bfc062723c751e8b465ee728b)
Start importing Assets/Meshes/Decorative plants/Textures/Cover normal.tga using Guid(18bcd9b4d41228747bd2520742ca5a78) Importer(815301076,1909f56bfc062723c751e8b465ee728b)  -> (artifact id: '3f627a50f7e49eb257260ca44defb511') in 0.015665 seconds 
  Import took 0.018709 seconds .

========================================================================
Received Import Request.
  Time since last request: 0.000286 seconds.
  path: Assets/Meshes/Decorative plants/Textures/Pot diffuse.tga
  artifactKey: Guid(8e36da382fc724845902197067dea7fe) Importer(815301076,1909f56bfc062723c751e8b465ee728b)
Start importing Assets/Meshes/Decorative plants/Textures/Pot diffuse.tga using Guid(8e36da382fc724845902197067dea7fe) Importer(815301076,1909f56bfc062723c751e8b465ee728b)  -> (artifact id: 'a164953acf94f78e093879f727624c1b') in 0.013151 seconds 
  Import took 0.015679 seconds .

========================================================================
Received Import Request.
  Time since last request: 0.000318 seconds.
  path: Assets/Meshes/Decorative plants/Textures/Spikes normal.tga
  artifactKey: Guid(edfc13b51aba4074fab9b9a8ec963a0d) Importer(815301076,1909f56bfc062723c751e8b465ee728b)
Start importing Assets/Meshes/Decorative plants/Textures/Spikes normal.tga using Guid(edfc13b51aba4074fab9b9a8ec963a0d) Importer(815301076,1909f56bfc062723c751e8b465ee728b)  -> (artifact id: 'e0b792f4ee73e40d4f1bf83c954c43de') in 0.011748 seconds 
  Import took 0.014439 seconds .

========================================================================
Received Import Request.
  Time since last request: 0.000309 seconds.
  path: Assets/Meshes/Decorative plants/Textures/Palm normal.tga
  artifactKey: Guid(85c8800ca193a824d8f2902967ae01ba) Importer(815301076,1909f56bfc062723c751e8b465ee728b)
Start importing Assets/Meshes/Decorative plants/Textures/Palm normal.tga using Guid(85c8800ca193a824d8f2902967ae01ba) Importer(815301076,1909f56bfc062723c751e8b465ee728b)  -> (artifact id: '96d4bbedd5ced88310615ad4d7bfbd67') in 0.011429 seconds 
  Import took 0.013737 seconds .

========================================================================
Received Import Request.
  Time since last request: 0.000300 seconds.
  path: Assets/Meshes/Decorative plants/Textures/Pine diffuse.tga
  artifactKey: Guid(e2e59fd8366de6f41a06c248733ab246) Importer(815301076,1909f56bfc062723c751e8b465ee728b)
Start importing Assets/Meshes/Decorative plants/Textures/Pine diffuse.tga using Guid(e2e59fd8366de6f41a06c248733ab246) Importer(815301076,1909f56bfc062723c751e8b465ee728b)  -> (artifact id: 'f05b5da71569d63d2e4bbfddaad2c418') in 0.010618 seconds 
  Import took 0.012831 seconds .

========================================================================
Received Import Request.
  Time since last request: 0.000326 seconds.
  path: Assets/Meshes/Decorative plants/Textures/Pot normal.tga
  artifactKey: Guid(d84dbe1cdb652974d9a009ac77fd33cb) Importer(815301076,1909f56bfc062723c751e8b465ee728b)
Start importing Assets/Meshes/Decorative plants/Textures/Pot normal.tga using Guid(d84dbe1cdb652974d9a009ac77fd33cb) Importer(815301076,1909f56bfc062723c751e8b465ee728b)  -> (artifact id: 'd444f1f4035aa4aa804bc5fcf2cf64fb') in 0.011124 seconds 
  Import took 0.013336 seconds .

========================================================================
Received Import Request.
  Time since last request: 0.000267 seconds.
  path: Assets/Meshes/Decorative plants/Textures/Spikes diffuse.tga
  artifactKey: Guid(9207c799b46c67641998d47ca4083393) Importer(815301076,1909f56bfc062723c751e8b465ee728b)
Start importing Assets/Meshes/Decorative plants/Textures/Spikes diffuse.tga using Guid(9207c799b46c67641998d47ca4083393) Importer(815301076,1909f56bfc062723c751e8b465ee728b)  -> (artifact id: 'dbd4838b05b457dc6147a3a5316b0acc') in 0.010127 seconds 
  Import took 0.012317 seconds .

========================================================================
Received Import Request.
  Time since last request: 27.334838 seconds.
  path: Assets/MASH Virtual/Assets/Post Processing/Main Camera Profile.asset
  artifactKey: Guid(d8d64786ef48e884eb474355f486ba8e) Importer(815301076,1909f56bfc062723c751e8b465ee728b)
Start importing Assets/MASH Virtual/Assets/Post Processing/Main Camera Profile.asset using Guid(d8d64786ef48e884eb474355f486ba8e) Importer(815301076,1909f56bfc062723c751e8b465ee728b)  -> (artifact id: 'c0e8d4bfe1c9fb5d06ce346382f2a1ae') in 0.008131 seconds 
  Import took 0.010281 seconds .

========================================================================
Received Import Request.
  Time since last request: 159.208433 seconds.
  path: Assets/Shaders/TableShader.shader
  artifactKey: Guid(0b7002f41def41940bb8bd3b86a43647) Importer(815301076,1909f56bfc062723c751e8b465ee728b)
Start importing Assets/Shaders/TableShader.shader using Guid(0b7002f41def41940bb8bd3b86a43647) Importer(815301076,1909f56bfc062723c751e8b465ee728b)  -> (artifact id: 'f081b55d0d1760686362d4c643c0ecea') in 0.011801 seconds 
  Import took 0.014450 seconds .

========================================================================
Received Prepare
Registering precompiled user dll's ...
Registered in 0.003264 seconds.
Begin MonoManager ReloadAssembly
Symbol file data-000001FC776B0020 doesn't match image C:\Users\ryczu\Documents\Git\pgu\PGU\PGU\Library\ScriptAssemblies\Assembly-CSharp.dll
Symbol file LoadedFromMemory is not a mono symbol file
Symbol file data-000001FC776B0020 doesn't match image C:\Users\ryczu\Documents\Git\pgu\PGU\PGU\Library\ScriptAssemblies\Assembly-CSharp-Editor.dll
Symbol file LoadedFromMemory is not a mono symbol file
Symbol file data-000001FAE17304D0 doesn't match image C:\Users\ryczu\Documents\Git\pgu\PGU\PGU\Library\ScriptAssemblies\Unity.VSCode.Editor.dll
Symbol file LoadedFromMemory is not a mono symbol file
Symbol file data-000001FC7FB47E70 doesn't match image C:\Users\ryczu\Documents\Git\pgu\PGU\PGU\Library\ScriptAssemblies\Unity.TextMeshPro.Editor.dll
Symbol file LoadedFromMemory is not a mono symbol file
Symbol file data-000001FC7746E460 doesn't match image C:\Users\ryczu\Documents\Git\pgu\PGU\PGU\Library\ScriptAssemblies\Unity.VisualStudio.Editor.dll
Symbol file LoadedFromMemory is not a mono symbol file
Symbol file data-000001FC7FB47E70 doesn't match image C:\Users\ryczu\Documents\Git\pgu\PGU\PGU\Library\ScriptAssemblies\UnityEngine.TestRunner.dll
Symbol file LoadedFromMemory is not a mono symbol file
Symbol file data-000001FC7BB56FA0 doesn't match image C:\Users\ryczu\Documents\Git\pgu\PGU\PGU\Library\ScriptAssemblies\Unity.Timeline.Editor.dll
Symbol file LoadedFromMemory is not a mono symbol file
Symbol file data-000001FC7FB47E70 doesn't match image C:\Users\ryczu\Documents\Git\pgu\PGU\PGU\Library\ScriptAssemblies\Unity.Timeline.dll
Symbol file LoadedFromMemory is not a mono symbol file
Symbol file data-000001FAE17DE010 doesn't match image C:\Users\ryczu\Documents\Git\pgu\PGU\PGU\Library\ScriptAssemblies\Unity.TextMeshPro.dll
Symbol file LoadedFromMemory is not a mono symbol file
Symbol file data-000001FC7FB47E70 doesn't match image C:\Users\ryczu\Documents\Git\pgu\PGU\PGU\Library\ScriptAssemblies\Unity.CollabProxy.Editor.dll
Symbol file LoadedFromMemory is not a mono symbol file
Symbol file data-000001FC779DD7E0 doesn't match image C:\Users\ryczu\Documents\Git\pgu\PGU\PGU\Library\ScriptAssemblies\UnityEditor.TestRunner.dll
Symbol file LoadedFromMemory is not a mono symbol file
Symbol file data-000001FC7746E460 doesn't match image C:\Users\ryczu\Documents\Git\pgu\PGU\PGU\Library\ScriptAssemblies\UnityEditor.UI.dll
Symbol file LoadedFromMemory is not a mono symbol file
Symbol file data-000001FC7C291010 doesn't match image C:\Users\ryczu\Documents\Git\pgu\PGU\PGU\Library\ScriptAssemblies\Unity.PlasticSCM.Editor.dll
Symbol file LoadedFromMemory is not a mono symbol file
Symbol file data-000001FC7F8A8C20 doesn't match image C:\Users\ryczu\Documents\Git\pgu\PGU\PGU\Library\ScriptAssemblies\Unity.Rider.Editor.dll
Symbol file LoadedFromMemory is not a mono symbol file
Symbol file data-000001FC7FC60010 doesn't match image C:\Users\ryczu\Documents\Git\pgu\PGU\PGU\Library\ScriptAssemblies\UnityEngine.UI.dll
Symbol file LoadedFromMemory is not a mono symbol file
Native extension for WindowsStandalone target not found
Refreshing native plugins compatible for Editor in 0.29 ms, found 2 plugins.
Preloading 0 native plugins for Editor in 0.00 ms.
Mono: successfully reloaded assembly
- Completed reload, in  0.840 seconds
Domain Reload Profiling:
	ReloadAssembly (841ms)
		BeginReloadAssembly (102ms)
			ExecutionOrderSort (0ms)
			DisableScriptedObjects (3ms)
			BackupInstance (0ms)
			ReleaseScriptingObjects (0ms)
			CreateAndSetChildDomain (28ms)
		EndReloadAssembly (679ms)
			LoadAssemblies (78ms)
			RebuildTransferFunctionScriptingTraits (0ms)
			SetupTypeCache (235ms)
			ReleaseScriptCaches (1ms)
			RebuildScriptCaches (33ms)
			SetupLoadedEditorAssemblies (239ms)
				LogAssemblyErrors (0ms)
				InitializePlatformSupportModulesInManaged (5ms)
				SetLoadedEditorAssemblies (0ms)
				RefreshPlugins (0ms)
				BeforeProcessingInitializeOnLoad (44ms)
				ProcessInitializeOnLoadAttributes (179ms)
				ProcessInitializeOnLoadMethodAttributes (4ms)
				AfterProcessingInitializeOnLoad (7ms)
				EditorAssembliesLoaded (0ms)
			ExecutionOrderSort2 (0ms)
			AwakeInstancesAfterBackupRestoration (6ms)
Platform modules already initialized, skipping
Refreshing native plugins compatible for Editor in 0.30 ms, found 2 plugins.
Preloading 0 native plugins for Editor in 0.00 ms.
Unloading 1417 Unused Serialized files (Serialized files now loaded: 0)
System memory in use before: 100.1 MB.
System memory in use after: 99.8 MB.

Unloading 12 unused Assets to reduce memory usage. Loaded Objects now: 1933.
Total: 2.772600 ms (FindLiveObjects: 0.146100 ms CreateObjectMapping: 0.044800 ms MarkObjects: 2.286600 ms  DeleteObjects: 0.293800 ms)

AssetImportParameters requested are different than current active one (requested -> active):
  custom:framework-win-MediaFoundation: 216162199b28c13a410421893ffa2e32 -> 
  custom:video-decoder-ogg-theora: a1e56fd34408186e4bbccfd4996cb3dc -> 
  custom:container-muxer-webm: aa71ff27fc2769a1b78a27578f13a17b -> 
  custom:container-demuxer-webm: 4f35f7cbe854078d1ac9338744f61a02 -> 
  custom:container-demuxer-ogg: 62fdf1f143b41e24485cea50d1cbac27 -> 
  custom:video-encoder-webm-vp8: eb34c28f22e8b96e1ab97ce403110664 -> 
  custom:video-decoder-webm-vp8: 9c59270c3fd7afecdb556c50c9e8de78 -> 
  custom:audio-decoder-ogg-vorbis: bf7c407c2cedff20999df2af8eb42d56 -> 
  custom:audio-encoder-webm-vorbis: bf7c407c2cedff20999df2af8eb42d56 -> 
========================================================================
Received Prepare
Registering precompiled user dll's ...
Registered in 0.002895 seconds.
Begin MonoManager ReloadAssembly
Symbol file data-000001FAECC55060 doesn't match image C:\Users\ryczu\Documents\Git\pgu\PGU\PGU\Library\ScriptAssemblies\Assembly-CSharp.dll
Symbol file LoadedFromMemory is not a mono symbol file
Symbol file data-000001FAE1598B60 doesn't match image C:\Users\ryczu\Documents\Git\pgu\PGU\PGU\Library\ScriptAssemblies\Assembly-CSharp-Editor.dll
Symbol file LoadedFromMemory is not a mono symbol file
Symbol file data-000001FAE17304D0 doesn't match image C:\Users\ryczu\Documents\Git\pgu\PGU\PGU\Library\ScriptAssemblies\Unity.VSCode.Editor.dll
Symbol file LoadedFromMemory is not a mono symbol file
Symbol file data-000001FAE1C22010 doesn't match image C:\Users\ryczu\Documents\Git\pgu\PGU\PGU\Library\ScriptAssemblies\Unity.TextMeshPro.Editor.dll
Symbol file LoadedFromMemory is not a mono symbol file
Symbol file data-000001FC7D8E9020 doesn't match image C:\Users\ryczu\Documents\Git\pgu\PGU\PGU\Library\ScriptAssemblies\Unity.VisualStudio.Editor.dll
Symbol file LoadedFromMemory is not a mono symbol file
Symbol file data-000001FC7FB67E90 doesn't match image C:\Users\ryczu\Documents\Git\pgu\PGU\PGU\Library\ScriptAssemblies\UnityEngine.TestRunner.dll
Symbol file LoadedFromMemory is not a mono symbol file
Symbol file data-000001FC7D709410 doesn't match image C:\Users\ryczu\Documents\Git\pgu\PGU\PGU\Library\ScriptAssemblies\Unity.Timeline.Editor.dll
Symbol file LoadedFromMemory is not a mono symbol file
Symbol file data-000001FC7F89E010 doesn't match image C:\Users\ryczu\Documents\Git\pgu\PGU\PGU\Library\ScriptAssemblies\Unity.Timeline.dll
Symbol file LoadedFromMemory is not a mono symbol file
Symbol file data-000001FCA3525A40 doesn't match image C:\Users\ryczu\Documents\Git\pgu\PGU\PGU\Library\ScriptAssemblies\Unity.TextMeshPro.dll
Symbol file LoadedFromMemory is not a mono symbol file
Symbol file data-000001FC7FB67E90 doesn't match image C:\Users\ryczu\Documents\Git\pgu\PGU\PGU\Library\ScriptAssemblies\Unity.CollabProxy.Editor.dll
Symbol file LoadedFromMemory is not a mono symbol file
Symbol file data-000001FC7D017C40 doesn't match image C:\Users\ryczu\Documents\Git\pgu\PGU\PGU\Library\ScriptAssemblies\UnityEditor.TestRunner.dll
Symbol file LoadedFromMemory is not a mono symbol file
Symbol file data-000001FC7D8E9020 doesn't match image C:\Users\ryczu\Documents\Git\pgu\PGU\PGU\Library\ScriptAssemblies\UnityEditor.UI.dll
Symbol file LoadedFromMemory is not a mono symbol file
Symbol file data-000001FC7C758030 doesn't match image C:\Users\ryczu\Documents\Git\pgu\PGU\PGU\Library\ScriptAssemblies\Unity.PlasticSCM.Editor.dll
Symbol file LoadedFromMemory is not a mono symbol file
Symbol file data-000001FC7C85EE20 doesn't match image C:\Users\ryczu\Documents\Git\pgu\PGU\PGU\Library\ScriptAssemblies\Unity.Rider.Editor.dll
Symbol file LoadedFromMemory is not a mono symbol file
Symbol file data-000001FC7CEB8020 doesn't match image C:\Users\ryczu\Documents\Git\pgu\PGU\PGU\Library\ScriptAssemblies\UnityEngine.UI.dll
Symbol file LoadedFromMemory is not a mono symbol file
Native extension for WindowsStandalone target not found
Refreshing native plugins compatible for Editor in 0.31 ms, found 2 plugins.
Preloading 0 native plugins for Editor in 0.00 ms.
Mono: successfully reloaded assembly
- Completed reload, in  0.856 seconds
Domain Reload Profiling:
	ReloadAssembly (856ms)
		BeginReloadAssembly (107ms)
			ExecutionOrderSort (0ms)
			DisableScriptedObjects (4ms)
			BackupInstance (0ms)
			ReleaseScriptingObjects (0ms)
			CreateAndSetChildDomain (31ms)
		EndReloadAssembly (692ms)
			LoadAssemblies (77ms)
			RebuildTransferFunctionScriptingTraits (0ms)
			SetupTypeCache (236ms)
			ReleaseScriptCaches (1ms)
			RebuildScriptCaches (34ms)
			SetupLoadedEditorAssemblies (249ms)
				LogAssemblyErrors (0ms)
				InitializePlatformSupportModulesInManaged (5ms)
				SetLoadedEditorAssemblies (0ms)
				RefreshPlugins (0ms)
				BeforeProcessingInitializeOnLoad (49ms)
				ProcessInitializeOnLoadAttributes (184ms)
				ProcessInitializeOnLoadMethodAttributes (4ms)
				AfterProcessingInitializeOnLoad (7ms)
				EditorAssembliesLoaded (0ms)
			ExecutionOrderSort2 (0ms)
			AwakeInstancesAfterBackupRestoration (6ms)
Platform modules already initialized, skipping
Shader Custom/TableShader uses undefined Queue: 'Opaque'
Shader Custom/TableShader uses undefined Queue: 'Opaque'
Shader Custom/TableShader uses undefined Queue: 'Opaque'
Shader Custom/TableShader uses undefined Queue: 'Opaque'
Refreshing native plugins compatible for Editor in 0.33 ms, found 2 plugins.
Preloading 0 native plugins for Editor in 0.00 ms.
Unloading 1417 Unused Serialized files (Serialized files now loaded: 0)
System memory in use before: 100.3 MB.
System memory in use after: 100.0 MB.

Unloading 12 unused Assets to reduce memory usage. Loaded Objects now: 1935.
Total: 3.457800 ms (FindLiveObjects: 0.137400 ms CreateObjectMapping: 0.045500 ms MarkObjects: 2.772800 ms  DeleteObjects: 0.500900 ms)

AssetImportParameters requested are different than current active one (requested -> active):
  custom:framework-win-MediaFoundation: 216162199b28c13a410421893ffa2e32 -> 
  custom:video-decoder-ogg-theora: a1e56fd34408186e4bbccfd4996cb3dc -> 
  custom:container-muxer-webm: aa71ff27fc2769a1b78a27578f13a17b -> 
  custom:container-demuxer-webm: 4f35f7cbe854078d1ac9338744f61a02 -> 
  custom:container-demuxer-ogg: 62fdf1f143b41e24485cea50d1cbac27 -> 
  custom:video-encoder-webm-vp8: eb34c28f22e8b96e1ab97ce403110664 -> 
  custom:video-decoder-webm-vp8: 9c59270c3fd7afecdb556c50c9e8de78 -> 
  custom:audio-decoder-ogg-vorbis: bf7c407c2cedff20999df2af8eb42d56 -> 
  custom:audio-encoder-webm-vorbis: bf7c407c2cedff20999df2af8eb42d56 -> 
========================================================================
Received Prepare
Registering precompiled user dll's ...
Registered in 0.003351 seconds.
Begin MonoManager ReloadAssembly
Symbol file data-000001FAE0451B20 doesn't match image C:\Users\ryczu\Documents\Git\pgu\PGU\PGU\Library\ScriptAssemblies\Assembly-CSharp.dll
Symbol file LoadedFromMemory is not a mono symbol file
Symbol file data-000001FC7789F5A0 doesn't match image C:\Users\ryczu\Documents\Git\pgu\PGU\PGU\Library\ScriptAssemblies\Assembly-CSharp-Editor.dll
Symbol file LoadedFromMemory is not a mono symbol file
Symbol file data-000001FC779D7030 doesn't match image C:\Users\ryczu\Documents\Git\pgu\PGU\PGU\Library\ScriptAssemblies\Unity.VSCode.Editor.dll
Symbol file LoadedFromMemory is not a mono symbol file
Symbol file data-000001FCA3FF3030 doesn't match image C:\Users\ryczu\Documents\Git\pgu\PGU\PGU\Library\ScriptAssemblies\Unity.TextMeshPro.Editor.dll
Symbol file LoadedFromMemory is not a mono symbol file
Symbol file data-000001FC777596F0 doesn't match image C:\Users\ryczu\Documents\Git\pgu\PGU\PGU\Library\ScriptAssemblies\Unity.VisualStudio.Editor.dll
Symbol file LoadedFromMemory is not a mono symbol file
Symbol file data-000001FAE0062030 doesn't match image C:\Users\ryczu\Documents\Git\pgu\PGU\PGU\Library\ScriptAssemblies\UnityEngine.TestRunner.dll
Symbol file LoadedFromMemory is not a mono symbol file
Symbol file data-000001FAE1752900 doesn't match image C:\Users\ryczu\Documents\Git\pgu\PGU\PGU\Library\ScriptAssemblies\Unity.Timeline.Editor.dll
Symbol file LoadedFromMemory is not a mono symbol file
Symbol file data-000001FCA3FF3030 doesn't match image C:\Users\ryczu\Documents\Git\pgu\PGU\PGU\Library\ScriptAssemblies\Unity.Timeline.dll
Symbol file LoadedFromMemory is not a mono symbol file
Symbol file data-000001FAE16C88B0 doesn't match image C:\Users\ryczu\Documents\Git\pgu\PGU\PGU\Library\ScriptAssemblies\Unity.TextMeshPro.dll
Symbol file LoadedFromMemory is not a mono symbol file
Symbol file data-000001FAE0062030 doesn't match image C:\Users\ryczu\Documents\Git\pgu\PGU\PGU\Library\ScriptAssemblies\Unity.CollabProxy.Editor.dll
Symbol file LoadedFromMemory is not a mono symbol file
Symbol file data-000001FC7F9BA7D0 doesn't match image C:\Users\ryczu\Documents\Git\pgu\PGU\PGU\Library\ScriptAssemblies\UnityEditor.TestRunner.dll
Symbol file LoadedFromMemory is not a mono symbol file
Symbol file data-000001FC777596F0 doesn't match image C:\Users\ryczu\Documents\Git\pgu\PGU\PGU\Library\ScriptAssemblies\UnityEditor.UI.dll
Symbol file LoadedFromMemory is not a mono symbol file
Symbol file data-000001FC7C291010 doesn't match image C:\Users\ryczu\Documents\Git\pgu\PGU\PGU\Library\ScriptAssemblies\Unity.PlasticSCM.Editor.dll
Symbol file LoadedFromMemory is not a mono symbol file
Symbol file data-000001FC7F12EE40 doesn't match image C:\Users\ryczu\Documents\Git\pgu\PGU\PGU\Library\ScriptAssemblies\Unity.Rider.Editor.dll
Symbol file LoadedFromMemory is not a mono symbol file
Symbol file data-000001FAE16997F0 doesn't match image C:\Users\ryczu\Documents\Git\pgu\PGU\PGU\Library\ScriptAssemblies\UnityEngine.UI.dll
Symbol file LoadedFromMemory is not a mono symbol file
Native extension for WindowsStandalone target not found
Refreshing native plugins compatible for Editor in 0.31 ms, found 2 plugins.
Preloading 0 native plugins for Editor in 0.00 ms.
Mono: successfully reloaded assembly
- Completed reload, in  0.834 seconds
Domain Reload Profiling:
	ReloadAssembly (835ms)
		BeginReloadAssembly (109ms)
			ExecutionOrderSort (0ms)
			DisableScriptedObjects (6ms)
			BackupInstance (0ms)
			ReleaseScriptingObjects (0ms)
			CreateAndSetChildDomain (27ms)
		EndReloadAssembly (668ms)
			LoadAssemblies (75ms)
			RebuildTransferFunctionScriptingTraits (0ms)
			SetupTypeCache (233ms)
			ReleaseScriptCaches (1ms)
			RebuildScriptCaches (35ms)
			SetupLoadedEditorAssemblies (236ms)
				LogAssemblyErrors (0ms)
				InitializePlatformSupportModulesInManaged (5ms)
				SetLoadedEditorAssemblies (0ms)
				RefreshPlugins (0ms)
				BeforeProcessingInitializeOnLoad (45ms)
				ProcessInitializeOnLoadAttributes (175ms)
				ProcessInitializeOnLoadMethodAttributes (4ms)
				AfterProcessingInitializeOnLoad (7ms)
				EditorAssembliesLoaded (0ms)
			ExecutionOrderSort2 (0ms)
			AwakeInstancesAfterBackupRestoration (6ms)
Platform modules already initialized, skipping
Refreshing native plugins compatible for Editor in 0.29 ms, found 2 plugins.
Preloading 0 native plugins for Editor in 0.00 ms.
Unloading 1417 Unused Serialized files (Serialized files now loaded: 0)
System memory in use before: 100.3 MB.
System memory in use after: 100.0 MB.

Unloading 12 unused Assets to reduce memory usage. Loaded Objects now: 1937.
Total: 2.911800 ms (FindLiveObjects: 0.128000 ms CreateObjectMapping: 0.039200 ms MarkObjects: 2.409400 ms  DeleteObjects: 0.334300 ms)

AssetImportParameters requested are different than current active one (requested -> active):
  custom:framework-win-MediaFoundation: 216162199b28c13a410421893ffa2e32 -> 
  custom:video-decoder-ogg-theora: a1e56fd34408186e4bbccfd4996cb3dc -> 
  custom:container-muxer-webm: aa71ff27fc2769a1b78a27578f13a17b -> 
  custom:container-demuxer-webm: 4f35f7cbe854078d1ac9338744f61a02 -> 
  custom:container-demuxer-ogg: 62fdf1f143b41e24485cea50d1cbac27 -> 
  custom:video-encoder-webm-vp8: eb34c28f22e8b96e1ab97ce403110664 -> 
  custom:video-decoder-webm-vp8: 9c59270c3fd7afecdb556c50c9e8de78 -> 
  custom:audio-decoder-ogg-vorbis: bf7c407c2cedff20999df2af8eb42d56 -> 
  custom:audio-encoder-webm-vorbis: bf7c407c2cedff20999df2af8eb42d56 -> 
========================================================================
Received Prepare
Registering precompiled user dll's ...
Registered in 0.002982 seconds.
Begin MonoManager ReloadAssembly
Symbol file data-000001FCA58E7010 doesn't match image C:\Users\ryczu\Documents\Git\pgu\PGU\PGU\Library\ScriptAssemblies\Assembly-CSharp.dll
Symbol file LoadedFromMemory is not a mono symbol file
Symbol file data-000001FC7789F5A0 doesn't match image C:\Users\ryczu\Documents\Git\pgu\PGU\PGU\Library\ScriptAssemblies\Assembly-CSharp-Editor.dll
Symbol file LoadedFromMemory is not a mono symbol file
Symbol file data-000001FC779D7030 doesn't match image C:\Users\ryczu\Documents\Git\pgu\PGU\PGU\Library\ScriptAssemblies\Unity.VSCode.Editor.dll
Symbol file LoadedFromMemory is not a mono symbol file
Symbol file data-000001FCA3FF3030 doesn't match image C:\Users\ryczu\Documents\Git\pgu\PGU\PGU\Library\ScriptAssemblies\Unity.TextMeshPro.Editor.dll
Symbol file LoadedFromMemory is not a mono symbol file
Symbol file data-000001FAE1A4A020 doesn't match image C:\Users\ryczu\Documents\Git\pgu\PGU\PGU\Library\ScriptAssemblies\Unity.VisualStudio.Editor.dll
Symbol file LoadedFromMemory is not a mono symbol file
Symbol file data-000001FCA47BE010 doesn't match image C:\Users\ryczu\Documents\Git\pgu\PGU\PGU\Library\ScriptAssemblies\UnityEngine.TestRunner.dll
Symbol file LoadedFromMemory is not a mono symbol file
Symbol file data-000001FCA4980080 doesn't match image C:\Users\ryczu\Documents\Git\pgu\PGU\PGU\Library\ScriptAssemblies\Unity.Timeline.Editor.dll
Symbol file LoadedFromMemory is not a mono symbol file
Symbol file data-000001FC7F89E010 doesn't match image C:\Users\ryczu\Documents\Git\pgu\PGU\PGU\Library\ScriptAssemblies\Unity.Timeline.dll
Symbol file LoadedFromMemory is not a mono symbol file
Symbol file data-000001FC7BF30010 doesn't match image C:\Users\ryczu\Documents\Git\pgu\PGU\PGU\Library\ScriptAssemblies\Unity.TextMeshPro.dll
Symbol file LoadedFromMemory is not a mono symbol file
Symbol file data-000001FCA47BE010 doesn't match image C:\Users\ryczu\Documents\Git\pgu\PGU\PGU\Library\ScriptAssemblies\Unity.CollabProxy.Editor.dll
Symbol file LoadedFromMemory is not a mono symbol file
Symbol file data-000001FC7D60D010 doesn't match image C:\Users\ryczu\Documents\Git\pgu\PGU\PGU\Library\ScriptAssemblies\UnityEditor.TestRunner.dll
Symbol file LoadedFromMemory is not a mono symbol file
Symbol file data-000001FAE1A4A020 doesn't match image C:\Users\ryczu\Documents\Git\pgu\PGU\PGU\Library\ScriptAssemblies\UnityEditor.UI.dll
Symbol file LoadedFromMemory is not a mono symbol file
Symbol file data-000001FC7C291010 doesn't match image C:\Users\ryczu\Documents\Git\pgu\PGU\PGU\Library\ScriptAssemblies\Unity.PlasticSCM.Editor.dll
Symbol file LoadedFromMemory is not a mono symbol file
Symbol file data-000001FC7F12EE40 doesn't match image C:\Users\ryczu\Documents\Git\pgu\PGU\PGU\Library\ScriptAssemblies\Unity.Rider.Editor.dll
Symbol file LoadedFromMemory is not a mono symbol file
Symbol file data-000001FC776BF1A0 doesn't match image C:\Users\ryczu\Documents\Git\pgu\PGU\PGU\Library\ScriptAssemblies\UnityEngine.UI.dll
Symbol file LoadedFromMemory is not a mono symbol file
Native extension for WindowsStandalone target not found
Refreshing native plugins compatible for Editor in 0.29 ms, found 2 plugins.
Preloading 0 native plugins for Editor in 0.00 ms.
Mono: successfully reloaded assembly
- Completed reload, in  0.846 seconds
Domain Reload Profiling:
	ReloadAssembly (847ms)
		BeginReloadAssembly (99ms)
			ExecutionOrderSort (0ms)
			DisableScriptedObjects (5ms)
			BackupInstance (0ms)
			ReleaseScriptingObjects (0ms)
			CreateAndSetChildDomain (29ms)
		EndReloadAssembly (690ms)
			LoadAssemblies (77ms)
			RebuildTransferFunctionScriptingTraits (0ms)
			SetupTypeCache (248ms)
			ReleaseScriptCaches (1ms)
			RebuildScriptCaches (34ms)
			SetupLoadedEditorAssemblies (244ms)
				LogAssemblyErrors (0ms)
				InitializePlatformSupportModulesInManaged (5ms)
				SetLoadedEditorAssemblies (0ms)
				RefreshPlugins (0ms)
				BeforeProcessingInitializeOnLoad (45ms)
				ProcessInitializeOnLoadAttributes (183ms)
				ProcessInitializeOnLoadMethodAttributes (4ms)
				AfterProcessingInitializeOnLoad (7ms)
				EditorAssembliesLoaded (0ms)
			ExecutionOrderSort2 (0ms)
			AwakeInstancesAfterBackupRestoration (6ms)
Platform modules already initialized, skipping
Refreshing native plugins compatible for Editor in 0.29 ms, found 2 plugins.
Preloading 0 native plugins for Editor in 0.00 ms.
Unloading 1417 Unused Serialized files (Serialized files now loaded: 0)
System memory in use before: 100.3 MB.
System memory in use after: 100.0 MB.

Unloading 12 unused Assets to reduce memory usage. Loaded Objects now: 1939.
Total: 2.954900 ms (FindLiveObjects: 0.154500 ms CreateObjectMapping: 0.049000 ms MarkObjects: 2.399400 ms  DeleteObjects: 0.350600 ms)

AssetImportParameters requested are different than current active one (requested -> active):
  custom:framework-win-MediaFoundation: 216162199b28c13a410421893ffa2e32 -> 
  custom:video-decoder-ogg-theora: a1e56fd34408186e4bbccfd4996cb3dc -> 
  custom:container-muxer-webm: aa71ff27fc2769a1b78a27578f13a17b -> 
  custom:container-demuxer-webm: 4f35f7cbe854078d1ac9338744f61a02 -> 
  custom:container-demuxer-ogg: 62fdf1f143b41e24485cea50d1cbac27 -> 
  custom:video-encoder-webm-vp8: eb34c28f22e8b96e1ab97ce403110664 -> 
  custom:video-decoder-webm-vp8: 9c59270c3fd7afecdb556c50c9e8de78 -> 
  custom:audio-decoder-ogg-vorbis: bf7c407c2cedff20999df2af8eb42d56 -> 
  custom:audio-encoder-webm-vorbis: bf7c407c2cedff20999df2af8eb42d56 -> 
========================================================================
Received Prepare
Registering precompiled user dll's ...
Registered in 0.004413 seconds.
Begin MonoManager ReloadAssembly
Symbol file data-000001FC779D7030 doesn't match image C:\Users\ryczu\Documents\Git\pgu\PGU\PGU\Library\ScriptAssemblies\Assembly-CSharp.dll
Symbol file LoadedFromMemory is not a mono symbol file
Symbol file data-000001FC779D7030 doesn't match image C:\Users\ryczu\Documents\Git\pgu\PGU\PGU\Library\ScriptAssemblies\Assembly-CSharp-Editor.dll
Symbol file LoadedFromMemory is not a mono symbol file
Symbol file data-000001FC779D7030 doesn't match image C:\Users\ryczu\Documents\Git\pgu\PGU\PGU\Library\ScriptAssemblies\Unity.VSCode.Editor.dll
Symbol file LoadedFromMemory is not a mono symbol file
Symbol file data-000001FC7DBF1030 doesn't match image C:\Users\ryczu\Documents\Git\pgu\PGU\PGU\Library\ScriptAssemblies\Unity.TextMeshPro.Editor.dll
Symbol file LoadedFromMemory is not a mono symbol file
Symbol file data-000001FC777596F0 doesn't match image C:\Users\ryczu\Documents\Git\pgu\PGU\PGU\Library\ScriptAssemblies\Unity.VisualStudio.Editor.dll
Symbol file LoadedFromMemory is not a mono symbol file
Symbol file data-000001FC7DBF1030 doesn't match image C:\Users\ryczu\Documents\Git\pgu\PGU\PGU\Library\ScriptAssemblies\UnityEngine.TestRunner.dll
Symbol file LoadedFromMemory is not a mono symbol file
Symbol file data-000001FC778A0F20 doesn't match image C:\Users\ryczu\Documents\Git\pgu\PGU\PGU\Library\ScriptAssemblies\Unity.Timeline.Editor.dll
Symbol file LoadedFromMemory is not a mono symbol file
Symbol file data-000001FC7DBF1030 doesn't match image C:\Users\ryczu\Documents\Git\pgu\PGU\PGU\Library\ScriptAssemblies\Unity.Timeline.dll
Symbol file LoadedFromMemory is not a mono symbol file
Symbol file data-000001FC7BF30010 doesn't match image C:\Users\ryczu\Documents\Git\pgu\PGU\PGU\Library\ScriptAssemblies\Unity.TextMeshPro.dll
Symbol file LoadedFromMemory is not a mono symbol file
Symbol file data-000001FC7DBF1030 doesn't match image C:\Users\ryczu\Documents\Git\pgu\PGU\PGU\Library\ScriptAssemblies\Unity.CollabProxy.Editor.dll
Symbol file LoadedFromMemory is not a mono symbol file
Symbol file data-000001FC775FF010 doesn't match image C:\Users\ryczu\Documents\Git\pgu\PGU\PGU\Library\ScriptAssemblies\UnityEditor.TestRunner.dll
Symbol file LoadedFromMemory is not a mono symbol file
Symbol file data-000001FC777596F0 doesn't match image C:\Users\ryczu\Documents\Git\pgu\PGU\PGU\Library\ScriptAssemblies\UnityEditor.UI.dll
Symbol file LoadedFromMemory is not a mono symbol file
Symbol file data-000001FC7C291010 doesn't match image C:\Users\ryczu\Documents\Git\pgu\PGU\PGU\Library\ScriptAssemblies\Unity.PlasticSCM.Editor.dll
Symbol file LoadedFromMemory is not a mono symbol file
Symbol file data-000001FC7D8E9020 doesn't match image C:\Users\ryczu\Documents\Git\pgu\PGU\PGU\Library\ScriptAssemblies\Unity.Rider.Editor.dll
Symbol file LoadedFromMemory is not a mono symbol file
Symbol file data-000001FC7CEE69F0 doesn't match image C:\Users\ryczu\Documents\Git\pgu\PGU\PGU\Library\ScriptAssemblies\UnityEngine.UI.dll
Symbol file LoadedFromMemory is not a mono symbol file
Native extension for WindowsStandalone target not found
Refreshing native plugins compatible for Editor in 0.30 ms, found 2 plugins.
Preloading 0 native plugins for Editor in 0.00 ms.
Mono: successfully reloaded assembly
- Completed reload, in  0.846 seconds
Domain Reload Profiling:
	ReloadAssembly (847ms)
		BeginReloadAssembly (98ms)
			ExecutionOrderSort (0ms)
			DisableScriptedObjects (4ms)
			BackupInstance (0ms)
			ReleaseScriptingObjects (0ms)
			CreateAndSetChildDomain (27ms)
		EndReloadAssembly (686ms)
			LoadAssemblies (80ms)
			RebuildTransferFunctionScriptingTraits (0ms)
			SetupTypeCache (237ms)
			ReleaseScriptCaches (1ms)
			RebuildScriptCaches (39ms)
			SetupLoadedEditorAssemblies (241ms)
				LogAssemblyErrors (0ms)
				InitializePlatformSupportModulesInManaged (5ms)
				SetLoadedEditorAssemblies (0ms)
				RefreshPlugins (0ms)
				BeforeProcessingInitializeOnLoad (47ms)
				ProcessInitializeOnLoadAttributes (179ms)
				ProcessInitializeOnLoadMethodAttributes (4ms)
				AfterProcessingInitializeOnLoad (7ms)
				EditorAssembliesLoaded (0ms)
			ExecutionOrderSort2 (0ms)
			AwakeInstancesAfterBackupRestoration (6ms)
Platform modules already initialized, skipping
Refreshing native plugins compatible for Editor in 0.31 ms, found 2 plugins.
Preloading 0 native plugins for Editor in 0.00 ms.
Unloading 1417 Unused Serialized files (Serialized files now loaded: 0)
System memory in use before: 100.3 MB.
System memory in use after: 100.0 MB.

Unloading 12 unused Assets to reduce memory usage. Loaded Objects now: 1941.
Total: 3.028400 ms (FindLiveObjects: 0.133100 ms CreateObjectMapping: 0.038300 ms MarkObjects: 2.494600 ms  DeleteObjects: 0.361400 ms)

AssetImportParameters requested are different than current active one (requested -> active):
  custom:framework-win-MediaFoundation: 216162199b28c13a410421893ffa2e32 -> 
  custom:video-decoder-ogg-theora: a1e56fd34408186e4bbccfd4996cb3dc -> 
  custom:container-muxer-webm: aa71ff27fc2769a1b78a27578f13a17b -> 
  custom:container-demuxer-webm: 4f35f7cbe854078d1ac9338744f61a02 -> 
  custom:container-demuxer-ogg: 62fdf1f143b41e24485cea50d1cbac27 -> 
  custom:video-encoder-webm-vp8: eb34c28f22e8b96e1ab97ce403110664 -> 
  custom:video-decoder-webm-vp8: 9c59270c3fd7afecdb556c50c9e8de78 -> 
  custom:audio-decoder-ogg-vorbis: bf7c407c2cedff20999df2af8eb42d56 -> 
  custom:audio-encoder-webm-vorbis: bf7c407c2cedff20999df2af8eb42d56 -> 
========================================================================
Received Prepare
Registering precompiled user dll's ...
Registered in 0.003279 seconds.
Begin MonoManager ReloadAssembly
Symbol file data-000001FC7DAB4E40 doesn't match image C:\Users\ryczu\Documents\Git\pgu\PGU\PGU\Library\ScriptAssemblies\Assembly-CSharp.dll
Symbol file LoadedFromMemory is not a mono symbol file
Symbol file data-000001FCA497DCD0 doesn't match image C:\Users\ryczu\Documents\Git\pgu\PGU\PGU\Library\ScriptAssemblies\Assembly-CSharp-Editor.dll
Symbol file LoadedFromMemory is not a mono symbol file
Symbol file data-000001FC7DAB4E40 doesn't match image C:\Users\ryczu\Documents\Git\pgu\PGU\PGU\Library\ScriptAssemblies\Unity.VSCode.Editor.dll
Symbol file LoadedFromMemory is not a mono symbol file
Symbol file data-000001FC7D1E5010 doesn't match image C:\Users\ryczu\Documents\Git\pgu\PGU\PGU\Library\ScriptAssemblies\Unity.TextMeshPro.Editor.dll
Symbol file LoadedFromMemory is not a mono symbol file
Symbol file data-000001FC777596F0 doesn't match image C:\Users\ryczu\Documents\Git\pgu\PGU\PGU\Library\ScriptAssemblies\Unity.VisualStudio.Editor.dll
Symbol file LoadedFromMemory is not a mono symbol file
Symbol file data-000001FAE1B00020 doesn't match image C:\Users\ryczu\Documents\Git\pgu\PGU\PGU\Library\ScriptAssemblies\UnityEngine.TestRunner.dll
Symbol file LoadedFromMemory is not a mono symbol file
Symbol file data-000001FCA685ACE0 doesn't match image C:\Users\ryczu\Documents\Git\pgu\PGU\PGU\Library\ScriptAssemblies\Unity.Timeline.Editor.dll
Symbol file LoadedFromMemory is not a mono symbol file
Symbol file data-000001FC7D1E5010 doesn't match image C:\Users\ryczu\Documents\Git\pgu\PGU\PGU\Library\ScriptAssemblies\Unity.Timeline.dll
Symbol file LoadedFromMemory is not a mono symbol file
Symbol file data-000001FC7BF30010 doesn't match image C:\Users\ryczu\Documents\Git\pgu\PGU\PGU\Library\ScriptAssemblies\Unity.TextMeshPro.dll
Symbol file LoadedFromMemory is not a mono symbol file
Symbol file data-000001FAE1B00020 doesn't match image C:\Users\ryczu\Documents\Git\pgu\PGU\PGU\Library\ScriptAssemblies\Unity.CollabProxy.Editor.dll
Symbol file LoadedFromMemory is not a mono symbol file
Symbol file data-000001FC7FD2CC40 doesn't match image C:\Users\ryczu\Documents\Git\pgu\PGU\PGU\Library\ScriptAssemblies\UnityEditor.TestRunner.dll
Symbol file LoadedFromMemory is not a mono symbol file
Symbol file data-000001FC777596F0 doesn't match image C:\Users\ryczu\Documents\Git\pgu\PGU\PGU\Library\ScriptAssemblies\UnityEditor.UI.dll
Symbol file LoadedFromMemory is not a mono symbol file
Symbol file data-000001FC7C291010 doesn't match image C:\Users\ryczu\Documents\Git\pgu\PGU\PGU\Library\ScriptAssemblies\Unity.PlasticSCM.Editor.dll
Symbol file LoadedFromMemory is not a mono symbol file
Symbol file data-000001FAE1A4A020 doesn't match image C:\Users\ryczu\Documents\Git\pgu\PGU\PGU\Library\ScriptAssemblies\Unity.Rider.Editor.dll
Symbol file LoadedFromMemory is not a mono symbol file
Symbol file data-000001FCA5950080 doesn't match image C:\Users\ryczu\Documents\Git\pgu\PGU\PGU\Library\ScriptAssemblies\UnityEngine.UI.dll
Symbol file LoadedFromMemory is not a mono symbol file
Native extension for WindowsStandalone target not found
Refreshing native plugins compatible for Editor in 0.29 ms, found 2 plugins.
Preloading 0 native plugins for Editor in 0.00 ms.
Mono: successfully reloaded assembly
- Completed reload, in  0.887 seconds
Domain Reload Profiling:
	ReloadAssembly (887ms)
		BeginReloadAssembly (120ms)
			ExecutionOrderSort (0ms)
			DisableScriptedObjects (4ms)
			BackupInstance (0ms)
			ReleaseScriptingObjects (0ms)
			CreateAndSetChildDomain (32ms)
		EndReloadAssembly (701ms)
			LoadAssemblies (92ms)
			RebuildTransferFunctionScriptingTraits (0ms)
			SetupTypeCache (253ms)
			ReleaseScriptCaches (1ms)
			RebuildScriptCaches (37ms)
			SetupLoadedEditorAssemblies (239ms)
				LogAssemblyErrors (0ms)
				InitializePlatformSupportModulesInManaged (5ms)
				SetLoadedEditorAssemblies (0ms)
				RefreshPlugins (0ms)
				BeforeProcessingInitializeOnLoad (45ms)
				ProcessInitializeOnLoadAttributes (178ms)
				ProcessInitializeOnLoadMethodAttributes (4ms)
				AfterProcessingInitializeOnLoad (7ms)
				EditorAssembliesLoaded (0ms)
			ExecutionOrderSort2 (0ms)
			AwakeInstancesAfterBackupRestoration (6ms)
Platform modules already initialized, skipping
Refreshing native plugins compatible for Editor in 0.29 ms, found 2 plugins.
Preloading 0 native plugins for Editor in 0.00 ms.
Unloading 1417 Unused Serialized files (Serialized files now loaded: 0)
System memory in use before: 100.4 MB.
System memory in use after: 100.0 MB.

Unloading 12 unused Assets to reduce memory usage. Loaded Objects now: 1943.
Total: 2.737000 ms (FindLiveObjects: 0.128000 ms CreateObjectMapping: 0.038900 ms MarkObjects: 2.219900 ms  DeleteObjects: 0.349100 ms)

AssetImportParameters requested are different than current active one (requested -> active):
  custom:framework-win-MediaFoundation: 216162199b28c13a410421893ffa2e32 -> 
  custom:video-decoder-ogg-theora: a1e56fd34408186e4bbccfd4996cb3dc -> 
  custom:container-muxer-webm: aa71ff27fc2769a1b78a27578f13a17b -> 
  custom:container-demuxer-webm: 4f35f7cbe854078d1ac9338744f61a02 -> 
  custom:container-demuxer-ogg: 62fdf1f143b41e24485cea50d1cbac27 -> 
  custom:video-encoder-webm-vp8: eb34c28f22e8b96e1ab97ce403110664 -> 
  custom:video-decoder-webm-vp8: 9c59270c3fd7afecdb556c50c9e8de78 -> 
  custom:audio-decoder-ogg-vorbis: bf7c407c2cedff20999df2af8eb42d56 -> 
  custom:audio-encoder-webm-vorbis: bf7c407c2cedff20999df2af8eb42d56 -> 
AssetImportWorkerClient::OnTransportError - code=2 error=End of file
